<?xml version="1.0" encoding="UTF-8"?>
<!-- Generated by org.testng.reporters.JUnitXMLReporter -->
<testsuite ignored="0" hostname="VYMO-IT-LPT-638" failures="0" tests="4" name="Test_Runner_01" time="0.037" errors="0" timestamp="2023-03-29T20:01:46 IST">
  <testcase classname="Pacti.Ts_02" name="script3" time="0.006"/>
  <testcase classname="Pacti.Ts_02" name="script4" time="0.001"/>
  <testcase classname="Pacti.Ts_03" name="script5" time="0.001"/>
  <testcase classname="Pacti.Ts_03" name="script6" time="0.0"/>
</testsuite> <!-- Test_Runner_01 -->
