<?xml version="1.0" encoding="UTF-8"?>
<!-- Generated by org.testng.reporters.JUnitXMLReporter -->
<testsuite ignored="0" hostname="VYMO-IT-LPT-638" failures="1" tests="5" name="Test" time="0.041" errors="0" timestamp="2023-03-29T19:38:46 IST">
  <testcase classname="Pacti.Ts_03" name="script5" time="0.007"/>
  <testcase classname="Pacti.Ts_03" name="script6" time="0.002"/>
  <testcase classname="Pacti.Ts_02" name="script3" time="0.001"/>
  <testcase classname="Pacti.Ts_02" name="script4" time="0.001"/>
  <testcase classname="Pacti.Ts_01" name="script1" time="0.001">
    <failure type="java.lang.AssertionError" message="null">
      <![CDATA[java.lang.AssertionError: null
at Pacti.Ts_01.script1(Ts_01.java:14)
at java.base/java.util.ArrayList.forEach(ArrayList.java:1511)
at java.base/java.util.concurrent.FutureTask.run(FutureTask.java:264)
at java.base/java.util.concurrent.ThreadPoolExecutor.runWorker(ThreadPoolExecutor.java:1136)
at java.base/java.util.concurrent.ThreadPoolExecutor$Worker.run(ThreadPoolExecutor.java:635)
at java.base/java.lang.Thread.run(Thread.java:833)
... Removed 20 stack frames]]>
    </failure>
  </testcase> <!-- script1 -->
</testsuite> <!-- Test -->
